i> 00002254 Build: canary_new / aa2b1d25f5d832a022e8eec10b7d1606bf40d585 on May 26 2020
i> 00002254 Storage root: F:\Xenia Dash
i> 00002254 Loaded config: F:\Xenia Dash\xenia-canary.config.toml
i> 00002254 Content root: F:\Xenia Dash\content
w> 00002744 SDL GameControllerDB: file 'gamecontrollerdb.txt' does not exist.
i> 00002254 DXGI adapter: AMD Radeon(TM) Vega 8 Graphics (vendor 1002, device 15D8)
i> 00002254 Direct3D 12 device features:
i> 00002254 * Max GPU virtual address bits per resource: 44
i> 00002254 * Programmable sample positions: tier 2
i> 00002254 * Rasterizer-ordered views: yes
i> 00002254 * Tiled resources: tier 3
i> 00002254 Added handle:00000004 for class xe::kernel::XObject
i> 00002254 XThread00000004 (1) Stack: 40010000-40030000
i> 00002254 Added handle:00000008 for class xe::kernel::XObject
K> 00000004 XThread::Execute thid 1 (handle=00000004, 'GraphicsSystem Command Processor (00000004)', native=00000108, <host>)
i> 00002254 XThread00000008 (2) Stack: 40050000-40070000
K> 00000008 XThread::Execute thid 2 (handle=00000008, 'GraphicsSystem Vsync (00000008)', native=00000C0C, <host>)
i> 00002254 Added handle:0000000C for class xe::kernel::XObject
i> 00002254 XThread0000000C (3) Stack: 40090000-400B0000
i> 00002254 Added handle:00000010 for class xe::kernel::XObject
i> 00002254 XThread00000010 (4) Stack: 400D0000-400F0000
K> 0000000C XThread::Execute thid 3 (handle=0000000C, 'XMA Decoder Worker (0000000C)', native=000015A0, <host>)
i> 00002254 Added handle:00000014 for class xe::kernel::XObject
K> 00000010 XThread::Execute thid 4 (handle=00000010, 'Audio Worker (00000010)', native=000041A0, <host>)
i> 00002254 Added handle:00000018 for class xe::kernel::XObject
i> 00002254 Added handle:0000001C for class xe::kernel::XObject
i> 00002254 Launching module game:\default.xex
i> 00002254 Added handle:00000020 for class xe::kernel::XObject
F> 00002254 HostPathDevice::ResolvePath(\default.xex)
!> 00002254 ResolvePath(update:\default.xexp) failed - device not found
F> 00002254 HostPathDevice::ResolvePath(\default.xexp)
i> 00002254 Added handle:00000024 for class xe::kernel::XObject
i> 00002254 XThread00000024 (5) Stack: 40110000-40130000
K> 00000024 XThread::Execute thid 5 (handle=00000024, 'Kernel Dispatch Thread (00000024)', native=000021F8, <host>)
C> 00002254 WARNING: imported a variable with no value: ExThreadObjectType
i> 00002254 Module \Device\Harddisk0\Partition0\default.xex:
    Module Flags: 00000001
Security Header:
     Image Flags: 00000000
    Load Address: 82000000
      Image Size: 002A0000
    Export Table: 00000000
Optional Header Count: 14
  XEX_HEADER_RESOURCE_INFO:
    584107D1 82290000-8229361F, 13855b
  XEX_HEADER_FILE_FORMAT_INFO (TODO):
  XEX_HEADER_ORIGINAL_BASE_ADDRESS: 00400000
  XEX_HEADER_ENTRY_POINT: 820A17D0
  XEX_HEADER_IMAGE_BASE_ADDRESS: 82000000
  XEX_HEADER_IMPORT_LIBRARIES:
    xam.xex - 34 imports
      Version: 2.0.2099.0
      Min Version: 2.0.1861.0
    xboxkrnl.exe - 270 imports
      Version: 2.0.2099.0
      Min Version: 2.0.1861.0
  XEX_HEADER_CHECKSUM_TIMESTAMP (TODO):
  XEX_HEADER_STATIC_LIBRARIES:
    XRTLLIB  : 2.0.2099.3
    XAPILIB  : 2.0.2099.3
    D3D9     : 2.0.2099.3
    XBOXKRNL : 2.0.2099.3
    XAUD     : 2.0.2099.3
    XACT     : 2.0.2099.3
    LIBCMT   : 2.0.2099.3
    XONLINE  : 2.0.2099.3
    XMP      : 2.0.2099.3
    D3DX9    : 2.0.2099.3
    XGRAPHC  : 2.0.2099.3
    XUIRNDR  : 2.0.2099.3
    XUIRUN   : 2.0.2099.3
  XEX_HEADER_TLS_INFO:
          Slot Count: 64
    Raw Data Address: 00000000
           Data Size: 0
       Raw Data Size: 0
  XEX_HEADER_DEFAULT_STACK_SIZE: 262144
  XEX_HEADER_SYSTEM_FLAGS: 00000004
  XEX_HEADER_EXECUTION_INFO:
       Media ID: 00000000
        Version: 0.0.0.0
       Title ID: 584107D1
    Savegame ID: 584107D1
    Disc Number / Total: 0 / 0
  XEX_HEADER_GAME_RATINGS (TODO):
  XEX_HEADER_LAN_KEY: BD F4 79 F6 B6 9C B6 7E A8 AB 62 DA 36 A5 6B D7
Sections:
    0 RODATA    1 pages    82000000 - 82010000 (65536 bytes)
    1 RODATA    1 pages    82010000 - 82020000 (65536 bytes)
    2 RODATA    1 pages    82020000 - 82030000 (65536 bytes)
    3 RODATA    1 pages    82030000 - 82040000 (65536 bytes)
    4 RODATA    1 pages    82040000 - 82050000 (65536 bytes)
    5 CODE      1 pages    82050000 - 82060000 (65536 bytes)
    6 CODE      1 pages    82060000 - 82070000 (65536 bytes)
    7 CODE      1 pages    82070000 - 82080000 (65536 bytes)
    8 CODE      1 pages    82080000 - 82090000 (65536 bytes)
    9 CODE      1 pages    82090000 - 820A0000 (65536 bytes)
   10 CODE      1 pages    820A0000 - 820B0000 (65536 bytes)
   11 CODE      1 pages    820B0000 - 820C0000 (65536 bytes)
   12 CODE      1 pages    820C0000 - 820D0000 (65536 bytes)
   13 CODE      1 pages    820D0000 - 820E0000 (65536 bytes)
   14 CODE      1 pages    820E0000 - 820F0000 (65536 bytes)
   15 CODE      1 pages    820F0000 - 82100000 (65536 bytes)
   16 CODE      1 pages    82100000 - 82110000 (65536 bytes)
   17 CODE      1 pages    82110000 - 82120000 (65536 bytes)
   18 CODE      1 pages    82120000 - 82130000 (65536 bytes)
   19 CODE      1 pages    82130000 - 82140000 (65536 bytes)
   20 CODE      1 pages    82140000 - 82150000 (65536 bytes)
   21 CODE      1 pages    82150000 - 82160000 (65536 bytes)
   22 CODE      1 pages    82160000 - 82170000 (65536 bytes)
   23 CODE      1 pages    82170000 - 82180000 (65536 bytes)
   24 CODE      1 pages    82180000 - 82190000 (65536 bytes)
   25 CODE      1 pages    82190000 - 821A0000 (65536 bytes)
   26 CODE      1 pages    821A0000 - 821B0000 (65536 bytes)
   27 CODE      1 pages    821B0000 - 821C0000 (65536 bytes)
   28 CODE      1 pages    821C0000 - 821D0000 (65536 bytes)
   29 CODE      1 pages    821D0000 - 821E0000 (65536 bytes)
   30 CODE      1 pages    821E0000 - 821F0000 (65536 bytes)
   31 CODE      1 pages    821F0000 - 82200000 (65536 bytes)
   32 CODE      1 pages    82200000 - 82210000 (65536 bytes)
   33 CODE      1 pages    82210000 - 82220000 (65536 bytes)
   34 CODE      1 pages    82220000 - 82230000 (65536 bytes)
   35 CODE      1 pages    82230000 - 82240000 (65536 bytes)
   36 CODE      1 pages    82240000 - 82250000 (65536 bytes)
   37 CODE      1 pages    82250000 - 82260000 (65536 bytes)
   38 RWDATA    1 pages    82260000 - 82270000 (65536 bytes)
   39 RWDATA    1 pages    82270000 - 82280000 (65536 bytes)
   40 RWDATA    1 pages    82280000 - 82290000 (65536 bytes)
   41 RODATA    1 pages    82290000 - 822A0000 (65536 bytes)
Imports:
 xam - 17 imports
   Version: 2.0.2099.0
   Min Version: 2.0.1861.0

         Total:   17
         Known:  100% (17 known, 0 unknown)
   Implemented:   94% (16 implemented, 1 unimplemented)

   F 82000400 82253354 28C ( 652)    XNotifyPositionUI
   F 82000404 82253364 1A6 ( 422)    XamLoaderSetLaunchData
   F 82000408 82253374 3CD ( 973)    XGetLanguage
   F 8200040C 82253384 28B ( 651)    XNotifyGetNext
   F 82000410 82253394 1A7 ( 423)    XamLoaderGetLaunchDataSize
   F 82000414 822533A4 3D1 ( 977)    XGetVideoMode
   F 82000418 822533B4 1A8 ( 424)    XamLoaderGetLaunchData
   F 8200041C 822533C4 1A4 ( 420)    XamLoaderLaunchTitle
   F 82000420 822533D4 1F8 ( 504)    XMsgCancelIORequest
   F 82000424 822533E4 28A ( 650)    XamNotifyCreateListener
   F 82000428 822533F4 191 ( 401)    XamInputGetState
   F 8200042C 82253404 2DC ( 732) !! XamShowMessageBoxUIEx
   F 82000430 82253414 1A9 ( 425)    XamLoaderTerminateTitle
   F 82000434 822538D4 1F7 ( 503)    XMsgStartIORequest
   F 82000438 822538C4 1F6 ( 502)    XMsgSystemProcessCall
   F 8200043C 822538B4 1FC ( 508)    XMsgStartIORequestEx
   F 82000440 822538A4 001 (   1)    NetDll_WSAStartup

 xboxkrnl - 140 imports
   Version: 2.0.2099.0
   Min Version: 2.0.1861.0

         Total:  140
         Known:  100% (140 known, 0 unknown)
   Implemented:   94% (132 implemented, 8 unimplemented)

   F 82000448 822536F4 1C3 ( 451)    VdInitializeRingBuffer
   F 8200044C 82253704 0BE ( 190)    MmGetPhysicalAddress
   F 82000450 82253714 1D9 ( 473)    VdSetSystemCommandBufferGpuIdentifierAddress
   F 82000454 82253724 1D5 ( 469)    VdSetGraphicsInterruptCallback
   F 82000458 82253734 1C2 ( 450)    VdInitializeEngines
   F 8200045C 82253744 1CA ( 458)    VdQueryVideoMode
   F 82000460 82253754 1BA ( 442)    VdGetCurrentDisplayInformation
   F 82000464 82253764 1D3 ( 467)    VdSetDisplayMode
   F 82000468 82253774 1C6 ( 454)    VdIsHSIOTrainingSucceeded
   F 8200046C 82253784 268 ( 616) !! VdInitializeEDRAM
   F 82000470 82253794 1DC ( 476)    VdShutdownEngines
   F 82000474 822537A4 1B9 ( 441)    VdGetCurrentDisplayGamma
   F 82000478 822537B4 13B ( 315)    sprintf
   F 8200047C 822537C4 07D ( 125)    KeLeaveCriticalRegion
   F 82000480 822537D4 269 ( 617)    VdRetrainEDRAM
   F 82000484 822537E4 26A ( 618)    VdRetrainEDRAMWorker
   V 82000488          1C1 ( 449)    VdHSIOCalibrationLock
   F 8200048C 822537F4 05F (  95)    KeEnterCriticalRegion
   F 82000490 82253804 1C9 ( 457)    VdQueryVideoFlags
   F 82000494 82253814 1B1 ( 433)    VdCallGraphicsNotificationRoutines
   V 82000498          1C0 ( 448)    VdGpuClockInMHz
   F 8200049C 82253824 1C5 ( 453)    VdInitializeScalerCommandBuffer
   F 820004A0 82253834 1B4 ( 436)    VdEnableDisableClockGating
   F 820004A4 82253844 06B ( 107)    KeLockL2
   F 820004A8 82253854 06C ( 108)    KeUnlockL2
   F 820004AC 82253864 0B0 ( 176)    KeWaitForSingleObject
   F 820004B0 82253874 08F ( 143)    KeResetEvent
   F 820004B4 82253884 09D ( 157)    KeSetEvent
   F 820004B8 82253894 14D ( 333)    _vsnprintf
   F 820004BC 822536E4 1B6 ( 438)    VdEnableRingBufferRPtrWriteBack
   F 820004C0 822536D4 1DF ( 479)    KiApcNormalRoutineNop
   F 820004C4 822536C4 0B1 ( 177)    KfAcquireSpinLock
   F 820004C8 822536B4 0B4 ( 180)    KfReleaseSpinLock
   F 820004CC 822536A4 04D (  77)    KeAcquireSpinLockAtRaisedIrql
   F 820004D0 82253694 089 ( 137)    KeReleaseSpinLockFromRaisedIrql
   F 820004D4 82253684 1BD ( 445)    VdGetSystemCommandBuffer
   F 820004D8 82253674 25B ( 603)    VdSwap
   F 820004DC 82253664 1C7 ( 455)    VdPersistDisplay
   F 820004E0 82253654 0BD ( 189)    MmFreePhysicalMemory
   F 820004E4 82253644 066 ( 102)    KeGetCurrentProcessType
   V 820004E8          1BE ( 446)    VdGlobalDevice
   V 820004EC          1BF ( 447)    VdGlobalXamDevice
   F 820004F0 82253634 1BC ( 444)    VdGetGraphicsAsicID
   V 820004F4          266 ( 614)    KeCertMonitorData
   F 820004F8 82253624 136 ( 310)    RtlRaiseException
   F 820004FC 82253614 0EE ( 238)    NtQueryVirtualMemory
   F 82000500 82253604 11B ( 283)    RtlCompareMemoryUlong
   F 82000504 822535F4 0DC ( 220)    NtFreeVirtualMemory
   F 82000508 822535E4 126 ( 294)    RtlFillMemoryUlong
   F 8200050C 822535D4 0CC ( 204)    NtAllocateVirtualMemory
   F 82000510 822535C4 019 (  25)    ExTerminateThread
   F 82000514 822535B4 028 (  40)    HalReturnToFirmware
   V 82000518          193 ( 403)    XexExecutableModuleHandle
   F 8200051C 822535A4 12B ( 299)    RtlImageXexHeaderField
   V 82000520          1AE ( 430)    ExLoadedCommandLine
   F 82000524 82253594 05A (  90)    KeDelayExecutionThread
   F 82000528 82253584 143 ( 323)    RtlUnicodeToMultiByteN
   F 8200052C 82253574 0E8 ( 232)    NtQueryInformationFile
   F 82000530 82253564 00D (  13)    ExCreateThread
   F 82000534 82253554 135 ( 309)    RtlNtStatusToDosError
   F 82000538 82253544 0F7 ( 247)    NtSetInformationFile
   F 8200053C 82253534 1A5 ( 421) !! __C_specific_handler
   F 82000540 82253524 003 (   3)    DbgPrint
   F 82000544 82253514 194 ( 404)    XexCheckExecutablePrivilege
   F 82000548 82253504 010 (  16)    ExGetXConfigSetting
   F 8200054C 822534F4 0D1 ( 209)    NtCreateEvent
   F 82000550 822534E4 0F5 ( 245)    NtResumeThread
   F 82000554 822534D4 0F0 ( 240)    NtReadFile
   F 82000558 822534C4 0FD ( 253)    NtWaitForSingleObjectEx
   F 8200055C 822534B4 12C ( 300)    RtlInitAnsiString
   F 82000560 822534A4 0D2 ( 210)    NtCreateFile
   F 82000564 82253494 0CF ( 207)    NtClose
   V 82000568          059 (  89)    KeDebugMonitorData
   F 8200056C 82253484 097 ( 151)    KeSetAffinityThread
   V 82000570          01B (  27) !! ExThreadObjectType
   F 82000574 82253474 110 ( 272)    ObReferenceObjectByHandle
   F 82000578 82253464 099 ( 153)    KeSetBasePriorityThread
   F 8200057C 82253454 105 ( 261)    ObDereferenceObject
   V 82000580          0AD ( 173)    KeTimeStampBundle
   F 82000584 82253444 12E ( 302)    RtlInitializeCriticalSection
   F 82000588 82253434 130 ( 304)    RtlLeaveCriticalSection
   F 8200058C 82253424 125 ( 293)    RtlEnterCriticalSection
   F 82000590 822538E4 085 ( 133)    KeRaiseIrqlToDpcLevel
   F 82000594 822538F4 0B3 ( 179)    KfLowerIrql
   F 82000598 82253904 1F8 ( 504)    XAudioGetVoiceCategoryVolume
   F 8200059C 82253914 1F7 ( 503)    XAudioGetVoiceCategoryVolumeChangeMask
   F 820005A0 82253924 1F3 ( 499)    XAudioRegisterRenderDriverClient
   F 820005A4 82253934 1F4 ( 500)    XAudioUnregisterRenderDriverClient
   F 820005A8 82253944 1F5 ( 501)    XAudioSubmitRenderDriverFrame
   F 820005AC 82253954 227 ( 551)    XMAEnableContext
   F 820005B0 82253964 231 ( 561)    XMAIsInputBuffer1Valid
   F 820005B4 82253974 22F ( 559)    XMAIsInputBuffer0Valid
   F 820005B8 82253984 22C ( 556)    XMASetOutputBufferValid
   F 820005BC 82253994 229 ( 553)    XMAGetOutputBufferWriteOffset
   F 820005C0 822539A4 22A ( 554)    XMASetOutputBufferReadOffset
   F 820005C4 822539B4 228 ( 552)    XMADisableContext
   F 820005C8 822539C4 22B ( 555)    XMAGetOutputBufferReadOffset
   F 820005CC 822539D4 237 ( 567)    XMASetInputBufferReadOffset
   F 820005D0 822539E4 235 ( 565)    XMABlockWhileInUse
   F 820005D4 822539F4 224 ( 548)    XMACreateContext
   F 820005D8 82253A04 226 ( 550)    XMAReleaseContext
   F 820005DC 82253A14 230 ( 560)    XMASetInputBuffer1Valid
   F 820005E0 82253A24 233 ( 563)    XMASetInputBuffer1
   F 820005E4 82253A34 236 ( 566)    XMASetLoopData
   F 820005E8 82253A44 22E ( 558)    XMASetInputBuffer0Valid
   F 820005EC 82253A54 232 ( 562)    XMASetInputBuffer0
   F 820005F0 82253A64 225 ( 549)    XMAInitializeContext
   F 820005F4 82253A74 22D ( 557)    XMAIsOutputBufferValid
   F 820005F8 82253A84 083 ( 131)    KeQueryPerformanceFrequency
   F 820005FC 82253A94 0BA ( 186)    MmAllocatePhysicalMemoryEx
   F 82000600 82253AA4 0C5 ( 197)    MmQueryAllocationSize
   F 82000604 82253AB4 0C4 ( 196)    MmQueryAddressProtect
   F 82000608 82253AC4 133 ( 307)    RtlMultiByteToUnicodeN
   F 8200060C 82253AD4 140 ( 320)    RtlTimeToTimeFields
   F 82000610 82253AE4 084 ( 132)    KeQuerySystemTime
   F 82000614 82253AF4 13F ( 319)    RtlTimeFieldsToTime
   F 82000618 82253B04 154 ( 340)    KeTlsGetValue
   F 8200061C 82253B14 155 ( 341)    KeTlsSetValue
   F 82000620 82253B24 152 ( 338)    KeTlsAlloc
   F 82000624 82253B34 153 ( 339)    KeTlsFree
   F 82000628 82253B44 166 ( 358) !! XeCryptBnQwBeSigVerify
   F 8200062C 82253B54 244 ( 580) !! XeKeysGetKey
   F 82000630 82253B64 18E ( 398) !! XeCryptRotSumSha
   F 82000634 82253B74 192 ( 402)    XeCryptSha
   F 82000638 82253B84 151 ( 337)    vswprintf
   F 8200063C 82253B94 14F ( 335)    _vscwprintf
   F 82000640 82253BA4 13E ( 318)    swprintf
   F 82000644 82253BB4 13D ( 317)    _snwprintf
   F 82000648 82253BC4 196 ( 406)    XexGetModuleSection
   F 8200064C 82253BD4 052 (  82)    KeBugCheck
   F 82000650 82253BE4 05D (  93)    KeEnableFpuExceptions
   F 82000654 82253BF4 147 ( 327) !! RtlUnwind
   F 82000658 82253C04 119 ( 281) !! RtlCaptureContext
   F 8200065C 82253C14 0E7 ( 231)    NtQueryFullAttributesFile
   F 82000660 82253C24 001 (   1)    DbgBreakPoint
   F 82000664 82253C34 127 ( 295)    RtlFreeAnsiString
   F 82000668 82253C44 142 ( 322)    RtlUnicodeStringToAnsiString
   F 8200066C 82253C54 12D ( 301)    RtlInitUnicodeString
   F 82000670 82253C64 0FF ( 255)    NtWriteFile
   F 82000674 82253C74 0DB ( 219)    NtFlushBuffersFile

i> 00002254 KernelState: Launching module \Device\Harddisk0\Partition0\default.xex...
i> 00002254 Added handle:00000028 for class xe::kernel::XObject
i> 00002254 XThread00000028 (6) Stack: 40150000-40190000
K> 00000028 XThread::Execute thid 6 (handle=00000028, 'Main XThread00000028 (00000028)', native=00000810)
G> 00000028 SetInterruptCallback(820AD080, 401A1600)
w> 00000004 GPU: Write to unknown register (0004 = 00FEEFEE)
w> 00000004 GPU: Write to unknown register (0007 = F00DF00D)
i> 00000028 Added handle:0000002C for class xe::kernel::XObject
i> 00000028 XThread0000002C (7) Stack: 402B0000-402F0000
K> 0000002C XThread::Execute thid 7 (handle=0000002C, 'XThread1E0C (0000002C)', native=00001E0C)
w> 00000004 GPU: Write to unknown register (0081 = 00010000)
G> 00000004 Generated vertex shader (96b) - hash 8E0F5C6B6B619065:
/*    0.0 */       exec 
/*    3   */          vfetch_full r1.xyz1, r0.x, vf95, DataFormat=FMT_32_32_32_FLOAT, Stride=7, Signed=true, NumFormat=integer, PrefetchCount=7
/*    4   */          vfetch_mini r0, Offset=3, DataFormat=FMT_32_32_32_32_FLOAT, Signed=true, NumFormat=integer
/*    0.1 */       alloc interpolators
/*    1.0 */       exec 
/*    5   */          max o0, r0, r0
/*    1.1 */       alloc position
/*    2.0 */       exec 
/*    6   */          max oPos, r1, r1
/*    2.1 */       exece 
/*    7   */          max r0._, c0, c0

G> 00000004 Generated pixel shader (24b) - hash 152D2EDBCC5A0A69:
/*    0.0 */       alloc colors
/*    0.1 */       exece 
/*    1   */          max oC0, r0, r0

G> 00000004 RT Cache: Full update - pitch 1280, samples 2, RTs to attach 17
G> 0000115C Creating graphics pipeline state with VS 8E0F5C6B6B619065, PS 152D2EDBCC5A0A69
i> 00000028 VdSwap(BFA912F0, 401A6760, FFC9D008, 4018FAA0, BEEF0001, 4018FA60(FF6F7000), 4018FA6C(00000006), 4018FA70(00000000), 4018FA68(00000500), 4018FA64(000002D0))
i> 0000002C Added handle:00000030 for class xe::kernel::XObject
G> 00000004 Resolve: (0,0)->(1280,256) of RT 0 (pitch 1280, 4 samples, format 0) at 0
G> 00000004 Resolve: Copying samples 6 to 0x1F6F8000 (1280x720, 2D), destination Z 0, destination format k_8_8_8_8, exponent bias 0, red and blue swapped
G> 00000004 Resolve: Copying via drawing
i> 0000002C Added handle:00000034 for class xe::kernel::XObject
G> 00000004 Created 2560x512 color render target with format 0
G> 00000004 Resolve: Clearing the color render target
G> 00000004 Resolve: Clearing the depth render target
G> 00000004 Resolve: (0,0)->(1280,256) of RT 0 (pitch 1280, 4 samples, format 0) at 0
G> 00000004 Resolve: Copying samples 6 to 0x1F838000 (1280x464, 2D), destination Z 0, destination format k_8_8_8_8, exponent bias 0, red and blue swapped
G> 00000004 Resolve: Copying via drawing
G> 00000004 Resolve: Clearing the color render target
G> 00000004 Resolve: Clearing the depth render target
G> 00000004 Resolve: (0,0)->(1280,208) of RT 0 (pitch 1280, 4 samples, format 0) at 0
G> 00000004 Resolve: Copying samples 6 to 0x1F978000 (1280x208, 2D), destination Z 0, destination format k_8_8_8_8, exponent bias 0, red and blue swapped
G> 00000004 Resolve: Copying via drawing
G> 00000004 Created 2560x416 color render target with format 0
i> 00000004 XE_SWAP
G> 00000004 Created tiled 1280x720x1 2D k_8_8_8_8 texture with 1 unpacked mip level, base at 0x1F6F8000 (size 3768320), mips at 0x00000000 (size 0)
G> 00000004 Loaded tiled 1280x720x1 2D k_8_8_8_8 texture with 1 unpacked mip level, base at 0x1F6F8000 (size 3768320), mips at 0x00000000 (size 0)
w> 00000004 GPU: Write to unknown register (1E4E = 00000000)
i> 00000028 Added handle:00000038 for class xe::kernel::XObject
i> 0000002C VdSwap(BFAA8ABC, 401A6760, FFC9D008, 402EFDD0, BEEF0001, 402EFD90(FF6F7000), 402EFD9C(00000006), 402EFDA0(00000000), 402EFD98(00000500), 402EFD94(000002D0))
i> 00000004 XE_SWAP
i> 0000002C VdSwap(BFAB8B3C, 401A6760, FFC9D008, 402EFDD0, BEEF0001, 402EFD90(FF6F7000), 402EFD9C(00000006), 402EFDA0(00000000), 402EFD98(00000500), 402EFD94(000002D0))
i> 00000004 XE_SWAP
w> 00000004 Skipped frame!
i> 0000002C VdSwap(BFAC8BBC, 401A6760, FFC9D008, 402EFDD0, BEEF0001, 402EFD90(FF6F7000), 402EFD9C(00000006), 402EFDA0(00000000), 402EFD98(00000500), 402EFD94(000002D0))
i> 00000004 XE_SWAP
i> 0000002C VdSwap(BFAD8C3C, 401A6760, FFC9D008, 402EFDD0, BEEF0001, 402EFD90(FF6F7000), 402EFD9C(00000006), 402EFDA0(00000000), 402EFD98(00000500), 402EFD94(000002D0))
i> 00000004 XE_SWAP
i> 0000002C VdSwap(BFAE8CBC, 401A6760, FFC9D008, 402EFDD0, BEEF0001, 402EFD90(FF6F7000), 402EFD9C(00000006), 402EFDA0(00000000), 402EFD98(00000500), 402EFD94(000002D0))
i> 0000002C VdSwap(BFAF8D3C, 401A6760, FFC9D008, 402EFDD0, BEEF0001, 402EFD90(FF6F7000), 402EFD9C(00000006), 402EFDA0(00000000), 402EFD98(00000500), 402EFD94(000002D0))
i> 00000004 XE_SWAP
w> 00000004 Skipped frame!
i> 00000004 XE_SWAP
w> 00000004 Skipped frame!
i> 0000002C VdSwap(BFB08DBC, 401A6760, FFC9D008, 402EFDD0, BEEF0001, 402EFD90(FF6F7000), 402EFD9C(00000006), 402EFDA0(00000000), 402EFD98(00000500), 402EFD94(000002D0))
i> 00000004 XE_SWAP
w> 00000004 Skipped frame!
i> 0000002C VdSwap(BFB18E3C, 401A6760, FFC9D008, 402EFDD0, BEEF0001, 402EFD90(FF6F7000), 402EFD9C(00000006), 402EFDA0(00000000), 402EFD98(00000500), 402EFD94(000002D0))
i> 00000004 XE_SWAP
i> 0000002C VdSwap(BFB28EBC, 401A6760, FFC9D008, 402EFDD0, BEEF0001, 402EFD90(FF6F7000), 402EFD9C(00000006), 402EFDA0(00000000), 402EFD98(00000500), 402EFD94(000002D0))
i> 00000004 XE_SWAP
i> 0000002C VdSwap(BFB38F3C, 401A6760, FFC9D008, 402EFDD0, BEEF0001, 402EFD90(FF6F7000), 402EFD9C(00000006), 402EFDA0(00000000), 402EFD98(00000500), 402EFD94(000002D0))
i> 00000004 XE_SWAP
i> 0000002C VdSwap(BFB48FBC, 401A6760, FFC9D008, 402EFDD0, BEEF0001, 402EFD90(FF6F7000), 402EFD9C(00000006), 402EFDA0(00000000), 402EFD98(00000500), 402EFD94(000002D0))
i> 00000004 XE_SWAP
i> 0000002C VdSwap(BFB5903C, 401A6760, FFC9D008, 402EFDD0, BEEF0001, 402EFD90(FF6F7000), 402EFD9C(00000006), 402EFDA0(00000000), 402EFD98(00000500), 402EFD94(000002D0))
i> 00000004 XE_SWAP
i> 0000002C VdSwap(BFB690BC, 401A6760, FFC9D008, 402EFDD0, BEEF0001, 402EFD90(FF6F7000), 402EFD9C(00000006), 402EFDA0(00000000), 402EFD98(00000500), 402EFD94(000002D0))
i> 00000004 XE_SWAP
i> 0000002C VdSwap(BFB7913C, 401A6760, FFC9D008, 402EFDD0, BEEF0001, 402EFD90(FF6F7000), 402EFD9C(00000006), 402EFDA0(00000000), 402EFD98(00000500), 402EFD94(000002D0))
i> 00000004 XE_SWAP
i> 0000002C VdSwap(BFB891BC, 401A6760, FFC9D008, 402EFDD0, BEEF0001, 402EFD90(FF6F7000), 402EFD9C(00000006), 402EFDA0(00000000), 402EFD98(00000500), 402EFD94(000002D0))
i> 00000004 XE_SWAP
i> 0000002C VdSwap(BFB9923C, 401A6760, FFC9D008, 402EFDD0, BEEF0001, 402EFD90(FF6F7000), 402EFD9C(00000006), 402EFDA0(00000000), 402EFD98(00000500), 402EFD94(000002D0))
i> 00000004 XE_SWAP
i> 0000002C VdSwap(BFBA92BC, 401A6760, FFC9D008, 402EFDD0, BEEF0001, 402EFD90(FF6F7000), 402EFD9C(00000006), 402EFDA0(00000000), 402EFD98(00000500), 402EFD94(000002D0))
i> 00000004 XE_SWAP
i> 0000002C VdSwap(BFBB933C, 401A6760, FFC9D008, 402EFDD0, BEEF0001, 402EFD90(FF6F7000), 402EFD9C(00000006), 402EFDA0(00000000), 402EFD98(00000500), 402EFD94(000002D0))
i> 00000004 XE_SWAP
F> 00000028 HostPathDevice::ResolvePath()
i> 00000028 RtlNtStatusToDosError C000000F => 2
F> 00000028 HostPathDevice::ResolvePath()
i> 00000028 Added handle:0000003C for class xe::kernel::XObject
i> 0000002C VdSwap(BFBC93BC, 401A6760, FFC9D008, 402EFDD0, BEEF0001, 402EFD90(FF6F7000), 402EFD9C(00000006), 402EFDA0(00000000), 402EFD98(00000500), 402EFD94(000002D0))
i> 00000004 XE_SWAP
i> 00000028 Removed handle:0000003C for class xe::kernel::XFile
i> 0000002C VdSwap(BFBD943C, 401A6760, FFC9D008, 402EFDD0, BEEF0001, 402EFD90(FF6F7000), 402EFD9C(00000006), 402EFDA0(00000000), 402EFD98(00000500), 402EFD94(000002D0))
i> 00000004 XE_SWAP
i> 0000002C VdSwap(BFBE94BC, 401A6760, FFC9D008, 402EFDD0, BEEF0001, 402EFD90(FF6F7000), 402EFD9C(00000006), 402EFDA0(00000000), 402EFD98(00000500), 402EFD94(000002D0))
i> 00000004 XE_SWAP
i> 0000002C VdSwap(BFBF957C, 401A6760, FFC9D008, 402EFDD0, BEEF0001, 402EFD90(FF6F7000), 402EFD9C(00000006), 402EFDA0(00000000), 402EFD98(00000500), 402EFD94(000002D0))
i> 00000004 XE_SWAP
i> 0000002C VdSwap(BFC0963C, 401A6760, FFC9D008, 402EFDD0, BEEF0001, 402EFD90(FF6F7000), 402EFD9C(00000006), 402EFDA0(00000000), 402EFD98(00000500), 402EFD94(000002D0))
i> 00000004 XE_SWAP
i> 0000002C VdSwap(BFC196FC, 401A6760, FFC9D008, 402EFDD0, BEEF0001, 402EFD90(FF6F7000), 402EFD9C(00000006), 402EFDA0(00000000), 402EFD98(00000500), 402EFD94(000002D0))
i> 00000004 XE_SWAP
i> 0000002C VdSwap(BFC297BC, 401A6760, FFC9D008, 402EFDD0, BEEF0001, 402EFD90(FF6F7000), 402EFD9C(00000006), 402EFDA0(00000000), 402EFD98(00000500), 402EFD94(000002D0))
i> 00000004 XE_SWAP
i> 0000002C VdSwap(BFC3987C, 401A6760, FFC9D008, 402EFDD0, BEEF0001, 402EFD90(FF6F7000), 402EFD9C(00000006), 402EFDA0(00000000), 402EFD98(00000500), 402EFD94(000002D0))
i> 00000004 XE_SWAP
i> 0000002C VdSwap(BFC4993C, 401A6760, FFC9D008, 402EFDD0, BEEF0001, 402EFD90(FF6F7000), 402EFD9C(00000006), 402EFDA0(00000000), 402EFD98(00000500), 402EFD94(000002D0))
i> 00000004 XE_SWAP
i> 0000002C VdSwap(BFC599FC, 401A6760, FFC9D008, 402EFDD0, BEEF0001, 402EFD90(FF6F7000), 402EFD9C(00000006), 402EFDA0(00000000), 402EFD98(00000500), 402EFD94(000002D0))
i> 00000004 XE_SWAP
i> 0000002C VdSwap(BFC69ABC, 401A6760, FFC9D008, 402EFDD0, BEEF0001, 402EFD90(FF6F7000), 402EFD9C(00000006), 402EFDA0(00000000), 402EFD98(00000500), 402EFD94(000002D0))
i> 00000004 XE_SWAP
i> 0000002C VdSwap(BFC79B7C, 401A6760, FFC9D008, 402EFDD0, BEEF0001, 402EFD90(FF6F7000), 402EFD9C(00000006), 402EFDA0(00000000), 402EFD98(00000500), 402EFD94(000002D0))
i> 00000004 XE_SWAP
i> 0000002C VdSwap(BFA9017C, 401A6760, FFC9D008, 402EFDD0, BEEF0001, 402EFD90(FF6F7000), 402EFD9C(00000006), 402EFDA0(00000000), 402EFD98(00000500), 402EFD94(000002D0))
i> 00000004 XE_SWAP
i> 0000002C VdSwap(BFAA023C, 401A6760, FFC9D008, 402EFDD0, BEEF0001, 402EFD90(FF6F7000), 402EFD9C(00000006), 402EFDA0(00000000), 402EFD98(00000500), 402EFD94(000002D0))
i> 00000004 XE_SWAP
F> 00000028 HostPathDevice::ResolvePath()
i> 00000028 RtlNtStatusToDosError C000000F => 2
F> 00000028 HostPathDevice::ResolvePath()
i> 00000028 Added handle:0000003C for class xe::kernel::XObject
i> 00000028 Removed handle:0000003C for class xe::kernel::XFile
i> 0000002C VdSwap(BFAB02BC, 401A6760, FFC9D008, 402EFDD0, BEEF0001, 402EFD90(FF6F7000), 402EFD9C(00000006), 402EFDA0(00000000), 402EFD98(00000500), 402EFD94(000002D0))
i> 00000004 XE_SWAP
F> 00000028 HostPathDevice::ResolvePath()
i> 00000028 Added handle:0000003C for class xe::kernel::XObject
i> 0000002C VdSwap(BFAC033C, 401A6760, FFC9D008, 402EFDD0, BEEF0001, 402EFD90(FF6F7000), 402EFD9C(00000006), 402EFDA0(00000000), 402EFD98(00000500), 402EFD94(000002D0))
i> 00000004 XE_SWAP
i> 00000028 Added handle:00000040 for class xe::kernel::XObject
i> 00000028 XThread00000040 (8) Stack: 40410000-40450000
K> 00000040 XThread::Execute thid 8 (handle=00000040, 'XThread3BBC (00000040)', native=00003BBC)
F> 00000040 HostPathDevice::ResolvePath()
i> 00000040 RtlNtStatusToDosError C000000F => 2
F> 00000040 HostPathDevice::ResolvePath()
i> 00000040 Added handle:00000044 for class xe::kernel::XObject
i> 00000028 VdSwap(BFADF64C, 401A67A0, FFC9D008, 4018FAB0, BEEF0001, 4018FA70(FF35F000), 4018FA7C(00000006), 4018FA80(00000000), 4018FA78(00000500), 4018FA74(000002D0))
G> 00000004 Generated vertex shader (144b) - hash 67EC9046429ED784:
/*    0.0 */       exec 
/*    3   */          vfetch_full r1.xyz1, r0.x, vf0, DataFormat=FMT_32_32_32_FLOAT, Stride=5, Signed=true, NumFormat=integer, PrefetchCount=5
/*    4   */          vfetch_mini r0.xy01, Offset=3, DataFormat=FMT_32_32_FLOAT, Signed=true, NumFormat=integer
/*    0.1 */       alloc interpolators
/*    1.0 */       exec 
/*    5   */          dp4 r2.x___, r1, c0
/*    6   */          dp4 r2._y__, r1, c1
/*    7   */          dp4 r2.__z_, r1, c2
/*    8   */          dp4 r2.___w, r1, c3
/*    1.1 */       alloc position
/*    2.0 */       exec 
/*    9   */          max oPos, r2, r2
/*   10   */          max o0, r0, r0
/*    2.1 */       exece 
/*   11   */          nop

G> 00000004 Generated pixel shader (72b) - hash 9D91A7C312FD9B63:
/*    0.0 */       exec 
/*    2   */          tfetch1D r0, r0.x, tf0, FetchValidOnly=false
/*    0.1 */       alloc colors
/*    1.0 */       exec 
/*    3   */          mad r0, r0, c0, c1
/*    4   */          max_sat oC0, r0, r0
/*    1.1 */       exece 
/*    5   */          nop

G> 00000004 Created linear 256x1x1 2D k_8_8_8_8 texture with 1 unpacked mip level, base at 0x1FC97000 (size 32768), mips at 0x00000000 (size 0)
G> 00000004 Loaded linear 256x1x1 2D k_8_8_8_8 texture with 1 unpacked mip level, base at 0x1FC97000 (size 32768), mips at 0x00000000 (size 0)
G> 00002A00 Creating graphics pipeline state with VS 67EC9046429ED784, PS 9D91A7C312FD9B63
i> 00000028 VdSwap(BFB08E6C, 401A6760, FFC9D008, 4018FAB0, BEEF0001, 4018FA70(FF6F7000), 4018FA7C(00000006), 4018FA80(00000000), 4018FA78(00000500), 4018FA74(000002D0))
G> 00000004 Created linear 1024x1x1 2D k_8_8_8_8 texture with 1 unpacked mip level, base at 0x1FC96000 (size 131072), mips at 0x00000000 (size 0)
i> 00000028 VdSwap(BFB3336C, 401A67A0, FFC9D008, 4018FAB0, BEEF0001, 4018FA70(FF35F000), 4018FA7C(00000006), 4018FA80(00000000), 4018FA78(00000500), 4018FA74(000002D0))
i> 00000040 Removed handle:00000044 for class xe::kernel::XFile
